<?xml version="1.0" encoding="UTF-8"?>
<!-- Generated by org.testng.reporters.JUnitReportReporter -->
<testsuite hostname="MT-5CD127785H" failures="0" tests="10" name="com.Comprehensive.runnerClass.TestrunnerClass" time="265.671" errors="0" timestamp="2021-11-22T15:25:11 IST" skipped="0">
  <testcase classname="com.Comprehensive.runnerClass.TestrunnerClass" name="runScenario" time="42.654"/>
  <system-out/>
  <testcase classname="com.Comprehensive.runnerClass.TestrunnerClass" name="runScenario" time="17.806"/>
  <system-out/>
  <testcase classname="com.Comprehensive.runnerClass.TestrunnerClass" name="runScenario" time="17.189"/>
  <system-out/>
  <testcase classname="com.Comprehensive.runnerClass.TestrunnerClass" name="runScenario" time="27.038"/>
  <system-out/>
  <testcase classname="com.Comprehensive.runnerClass.TestrunnerClass" name="runScenario" time="21.784"/>
  <system-out/>
  <testcase classname="com.Comprehensive.runnerClass.TestrunnerClass" name="runScenario" time="30.875"/>
  <system-out/>
  <testcase classname="com.Comprehensive.runnerClass.TestrunnerClass" name="runScenario" time="34.421"/>
  <system-out/>
  <testcase classname="com.Comprehensive.runnerClass.TestrunnerClass" name="runScenario" time="24.003"/>
  <system-out/>
  <testcase classname="com.Comprehensive.runnerClass.TestrunnerClass" name="runScenario" time="25.808"/>
  <system-out/>
  <testcase classname="com.Comprehensive.runnerClass.TestrunnerClass" name="runScenario" time="24.093"/>
  <system-out/>
</testsuite> <!-- com.Comprehensive.runnerClass.TestrunnerClass -->
