<?xml version="1.0" encoding="UTF-8"?>
<!-- Generated by org.testng.reporters.JUnitReportReporter -->
<testsuite hostname="MT-5CD127785H" failures="0" tests="10" name="com.Comprehensive.runnerClass.TestrunnerClass" time="254.756" errors="0" timestamp="2021-11-23T14:09:26 IST" skipped="0">
  <testcase classname="com.Comprehensive.runnerClass.TestrunnerClass" name="runScenario" time="21.003"/>
  <system-out/>
  <testcase classname="com.Comprehensive.runnerClass.TestrunnerClass" name="runScenario" time="20.600"/>
  <system-out/>
  <testcase classname="com.Comprehensive.runnerClass.TestrunnerClass" name="runScenario" time="25.671"/>
  <system-out/>
  <testcase classname="com.Comprehensive.runnerClass.TestrunnerClass" name="runScenario" time="27.452"/>
  <system-out/>
  <testcase classname="com.Comprehensive.runnerClass.TestrunnerClass" name="runScenario" time="51.233"/>
  <system-out/>
  <testcase classname="com.Comprehensive.runnerClass.TestrunnerClass" name="runScenario" time="20.216"/>
  <system-out/>
  <testcase classname="com.Comprehensive.runnerClass.TestrunnerClass" name="runScenario" time="15.653"/>
  <system-out/>
  <testcase classname="com.Comprehensive.runnerClass.TestrunnerClass" name="runScenario" time="28.042"/>
  <system-out/>
  <testcase classname="com.Comprehensive.runnerClass.TestrunnerClass" name="runScenario" time="21.739"/>
  <system-out/>
  <testcase classname="com.Comprehensive.runnerClass.TestrunnerClass" name="runScenario" time="23.147"/>
  <system-out/>
</testsuite> <!-- com.Comprehensive.runnerClass.TestrunnerClass -->
