<?xml version="1.0" encoding="UTF-8"?>
<!-- Generated by org.testng.reporters.JUnitReportReporter -->
<testsuite hostname="MT-5CD127785H" failures="0" tests="10" name="com.Comprehensive.runnerClass.TestrunnerClass" time="181.657" errors="0" timestamp="2021-11-26T10:52:47 IST" skipped="0">
  <testcase classname="com.Comprehensive.runnerClass.TestrunnerClass" name="runScenario" time="20.798"/>
  <system-out/>
  <testcase classname="com.Comprehensive.runnerClass.TestrunnerClass" name="runScenario" time="17.815"/>
  <system-out/>
  <testcase classname="com.Comprehensive.runnerClass.TestrunnerClass" name="runScenario" time="23.719"/>
  <system-out/>
  <testcase classname="com.Comprehensive.runnerClass.TestrunnerClass" name="runScenario" time="36.092"/>
  <system-out/>
  <testcase classname="com.Comprehensive.runnerClass.TestrunnerClass" name="runScenario" time="16.981"/>
  <system-out/>
  <testcase classname="com.Comprehensive.runnerClass.TestrunnerClass" name="runScenario" time="16.237"/>
  <system-out/>
  <testcase classname="com.Comprehensive.runnerClass.TestrunnerClass" name="runScenario" time="12.671"/>
  <system-out/>
  <testcase classname="com.Comprehensive.runnerClass.TestrunnerClass" name="runScenario" time="11.152"/>
  <system-out/>
  <testcase classname="com.Comprehensive.runnerClass.TestrunnerClass" name="runScenario" time="11.872"/>
  <system-out/>
  <testcase classname="com.Comprehensive.runnerClass.TestrunnerClass" name="runScenario" time="14.320"/>
  <system-out/>
</testsuite> <!-- com.Comprehensive.runnerClass.TestrunnerClass -->
