<?xml version="1.0" encoding="UTF-8"?>
<!-- Generated by org.testng.reporters.JUnitReportReporter -->
<testsuite hostname="MT-5CD127785H" failures="0" tests="1" name="com.bigsmall.testCases.HoverHeader" time="9.970" errors="0" timestamp="2021-11-26T01:17:52 IST" skipped="0">
  <testcase classname="com.bigsmall.testCases.HoverHeader" name="hoverHeader" time="9.970"/>
  <system-out/>
</testsuite> <!-- com.bigsmall.testCases.HoverHeader -->
