<?xml version="1.0" encoding="UTF-8"?>
<!-- Generated by org.testng.reporters.JUnitReportReporter -->
<testsuite hostname="MT-5CD127785H" failures="0" tests="1" name="com.bigsmall.testCases.HoverHeader" time="13.068" errors="0" timestamp="2021-11-22T14:01:37 IST" skipped="0">
  <testcase classname="com.bigsmall.testCases.HoverHeader" name="hoverHeader" time="13.068"/>
  <system-out/>
</testsuite> <!-- com.bigsmall.testCases.HoverHeader -->
