<?xml version="1.0" encoding="UTF-8"?>
<!-- Generated by org.testng.reporters.JUnitReportReporter -->
<testsuite hostname="MT-5CD127785H" failures="0" tests="1" name="com.bigsmall.testCases.SigninTC" time="9.523" errors="0" timestamp="2021-11-26T01:17:52 IST" skipped="0">
  <testcase classname="com.bigsmall.testCases.SigninTC" name="signIn" time="9.523"/>
  <system-out/>
</testsuite> <!-- com.bigsmall.testCases.SigninTC -->
