<?xml version="1.0" encoding="UTF-8"?>
<!-- Generated by org.testng.reporters.JUnitReportReporter -->
<testsuite hostname="MT-5CD127785H" failures="0" tests="2" name="com.bigsmall.testCases.CODAvailablityTC" time="33.525" errors="0" timestamp="2021-11-23T14:03:03 IST" skipped="0">
  <testcase classname="com.bigsmall.testCases.CODAvailablityTC" name="pinCodeValidation" time="17.256"/>
  <system-out/>
  <testcase classname="com.bigsmall.testCases.CODAvailablityTC" name="pinCodeValidation" time="16.269"/>
  <system-out/>
</testsuite> <!-- com.bigsmall.testCases.CODAvailablityTC -->
