<?xml version="1.0" encoding="UTF-8"?>
<!-- Generated by org.testng.reporters.JUnitReportReporter -->
<testsuite hostname="MT-5CD127785H" failures="0" tests="1" name="com.bigsmall.testCases.HoverHeader" time="14.627" errors="0" timestamp="2021-11-23T14:03:03 IST" skipped="0">
  <testcase classname="com.bigsmall.testCases.HoverHeader" name="hoverHeader" time="14.627"/>
  <system-out/>
</testsuite> <!-- com.bigsmall.testCases.HoverHeader -->
