<?xml version="1.0" encoding="UTF-8"?>
<!-- Generated by org.testng.reporters.JUnitReportReporter -->
<testsuite hostname="MT-5CD127785H" failures="0" tests="1" name="com.bigsmall.testCases.QtyIncrement" time="15.520" errors="0" timestamp="2021-11-22T14:01:37 IST" skipped="0">
  <testcase classname="com.bigsmall.testCases.QtyIncrement" name="qtyIncrement" time="15.520"/>
  <system-out/>
</testsuite> <!-- com.bigsmall.testCases.QtyIncrement -->
