<?xml version="1.0" encoding="UTF-8"?>
<!-- Generated by org.testng.reporters.JUnitReportReporter -->
<testsuite hostname="MT-5CD127785H" failures="0" tests="2" name="com.bigsmall.testCases.CODAvailablityTC" time="28.990" errors="0" timestamp="2021-11-22T14:01:37 IST" skipped="0">
  <testcase classname="com.bigsmall.testCases.CODAvailablityTC" name="pinCodeValidation" time="16.167"/>
  <system-out/>
  <testcase classname="com.bigsmall.testCases.CODAvailablityTC" name="pinCodeValidation" time="12.823"/>
  <system-out/>
</testsuite> <!-- com.bigsmall.testCases.CODAvailablityTC -->
